tML exe: "Terraria.exe"
update folder: tModLoader_Update
        0 file(s) copied.
"Terraria.exe" is still running, waiting for tModLoader to close...
        0 file(s) copied.
"Terraria.exe" is still running, waiting for tModLoader to close...
        0 file(s) copied.
"Terraria.exe" is still running, waiting for tModLoader to close...
        0 file(s) copied.
"Terraria.exe" is still running, waiting for tModLoader to close...
        0 file(s) copied.
"Terraria.exe" is still running, waiting for tModLoader to close...
        0 file(s) copied.
"Terraria.exe" is still running, waiting for tModLoader to close...
        0 file(s) copied.
"Terraria.exe" is still running, waiting for tModLoader to close...
        0 file(s) copied.
"Terraria.exe" is still running, waiting for tModLoader to close...
        0 file(s) copied.
"Terraria.exe" is still running, waiting for tModLoader to close...
        0 file(s) copied.
"Terraria.exe" is still running, waiting for tModLoader to close...
        0 file(s) copied.
"Terraria.exe" is still running, waiting for tModLoader to close...
        0 file(s) copied.
"Terraria.exe" is still running, waiting for tModLoader to close...
        0 file(s) copied.
"Terraria.exe" is still running, waiting for tModLoader to close...
        0 file(s) copied.
"Terraria.exe" is still running, waiting for tModLoader to close...
        0 file(s) copied.
"Terraria.exe" is still running, waiting for tModLoader to close...
        0 file(s) copied.
"Terraria.exe" is still running, waiting for tModLoader to close...
        0 file(s) copied.
"Terraria.exe" is still running, waiting for tModLoader to close...
        0 file(s) copied.
"Terraria.exe" is still running, waiting for tModLoader to close...
        0 file(s) copied.
"Terraria.exe" is still running, waiting for tModLoader to close...
        0 file(s) copied.
"Terraria.exe" is still running, waiting for tModLoader to close...
        0 file(s) copied.
"Terraria.exe" is still running, waiting for tModLoader to close...
        0 file(s) copied.
"Terraria.exe" is still running, waiting for tModLoader to close...
        0 file(s) copied.
"Terraria.exe" is still running, waiting for tModLoader to close...
        0 file(s) copied.
"Terraria.exe" is still running, waiting for tModLoader to close...
        0 file(s) copied.
"Terraria.exe" is still running, waiting for tModLoader to close...
        0 file(s) copied.
"Terraria.exe" is still running, waiting for tModLoader to close...
        0 file(s) copied.
"Terraria.exe" is still running, waiting for tModLoader to close...
        0 file(s) copied.
"Terraria.exe" is still running, waiting for tModLoader to close...
        0 file(s) copied.
"Terraria.exe" is still running, waiting for tModLoader to close...
        1 file(s) copied.
tModLoader_Update\start-tModLoaderServer-steam-friends.bat
tModLoader_Update\start-tModLoaderServer-steam-private.bat
tModLoader_Update\start-tModLoaderServer.bat
tModLoader_Update\Terraria.exe
tModLoader_Update\tModLoaderServer.exe
5 File(s) copied
silently starting "Terraria.exe"
deleting ""D:\Steam\steamapps\common\Terraria\update.bat""
